<?xml version="1.0" encoding="UTF-8"?>
<testng-results skipped="0" failed="0" ignored="0" total="1" passed="1">
  <reporter-output>
  </reporter-output>
  <suite name="Default Suite" duration-ms="33719" started-at="2018-08-17T06:03:31Z" finished-at="2018-08-17T06:04:04Z">
    <groups>
    </groups>
    <test name="emag_purchase" duration-ms="33719" started-at="2018-08-17T06:03:31Z" finished-at="2018-08-17T06:04:04Z">
      <class name="TestEmagPurchase">
        <test-method status="PASS" signature="beforeTest()[pri:0, instance:TestEmagPurchase@2d209079]" name="beforeTest" is-config="true" duration-ms="4476" started-at="2018-08-17T06:03:31Z" finished-at="2018-08-17T06:03:35Z">
          <reporter-output>
          </reporter-output>
        </test-method> <!-- beforeTest -->
        <test-method status="PASS" signature="userCanPlaceOrderUsingCourierDelivery()[pri:0, instance:TestEmagPurchase@2d209079]" name="userCanPlaceOrderUsingCourierDelivery" duration-ms="28119" started-at="2018-08-17T06:03:35Z" finished-at="2018-08-17T06:04:03Z">
          <reporter-output>
          </reporter-output>
        </test-method> <!-- userCanPlaceOrderUsingCourierDelivery -->
        <test-method status="PASS" signature="afterTest()[pri:0, instance:TestEmagPurchase@2d209079]" name="afterTest" is-config="true" duration-ms="1100" started-at="2018-08-17T06:04:03Z" finished-at="2018-08-17T06:04:04Z">
          <reporter-output>
          </reporter-output>
        </test-method> <!-- afterTest -->
      </class> <!-- TestEmagPurchase -->
    </test> <!-- emag_purchase -->
  </suite> <!-- Default Suite -->
</testng-results>
