<?xml version="1.0" encoding="UTF-8"?>
<testng-results skipped="0" failed="0" ignored="0" total="1" passed="1">
  <reporter-output>
  </reporter-output>
  <suite name="Default Suite" duration-ms="33000" started-at="2018-08-17T07:54:27Z" finished-at="2018-08-17T07:55:00Z">
    <groups>
    </groups>
    <test name="emag_purchase" duration-ms="33000" started-at="2018-08-17T07:54:27Z" finished-at="2018-08-17T07:55:00Z">
      <class name="TestEmagPurchase">
        <test-method status="PASS" signature="beforeTest()[pri:0, instance:TestEmagPurchase@2f7c7260]" name="beforeTest" is-config="true" duration-ms="3954" started-at="2018-08-17T07:54:27Z" finished-at="2018-08-17T07:54:31Z">
          <reporter-output>
          </reporter-output>
        </test-method> <!-- beforeTest -->
        <test-method status="PASS" signature="userCanPlaceOrderUsingCourierDelivery()[pri:0, instance:TestEmagPurchase@2f7c7260]" name="userCanPlaceOrderUsingCourierDelivery" duration-ms="27848" started-at="2018-08-17T07:54:31Z" finished-at="2018-08-17T07:54:59Z">
          <reporter-output>
          </reporter-output>
        </test-method> <!-- userCanPlaceOrderUsingCourierDelivery -->
        <test-method status="PASS" signature="afterTest()[pri:0, instance:TestEmagPurchase@2f7c7260]" name="afterTest" is-config="true" duration-ms="1156" started-at="2018-08-17T07:54:59Z" finished-at="2018-08-17T07:55:00Z">
          <reporter-output>
          </reporter-output>
        </test-method> <!-- afterTest -->
      </class> <!-- TestEmagPurchase -->
    </test> <!-- emag_purchase -->
  </suite> <!-- Default Suite -->
</testng-results>
