<?xml version="1.0" encoding="UTF-8"?>
<!-- Generated by org.testng.reporters.JUnitXMLReporter -->
<testsuite hostname="BAHUR" ignored="0" tests="2" failures="1" timestamp="27 VIII 2018 08:32:08 GMT" time="64.472" errors="0">
  <testcase name="userCanPlaceOrderUsingCourierDelivery" time="25.653" classname="TestEmagPurchase"/>
  <testcase name="userCanPlaceOrderUsingCourierDelivery" time="27.052" classname="TestEmagPurchase">
    <failure type="org.openqa.selenium.TimeoutException" message="Expected condition failed: waiting for visibility of element located by By.cssSelector: input#password (tried for 20 second(s) with 500 milliseconds interval)
Build info: version: &amp;apos;3.14.0&amp;apos;, revision: &amp;apos;aacccce0&amp;apos;, time: &amp;apos;2018-08-02T20:19:58.91Z&amp;apos;
System info: host: &amp;apos;BAHUR&amp;apos;, ip: &amp;apos;192.168.0.102&amp;apos;, os.name: &amp;apos;Windows 7&amp;apos;, os.arch: &amp;apos;amd64&amp;apos;, os.version: &amp;apos;6.1&amp;apos;, java.version: &amp;apos;1.8.0_181&amp;apos;
Driver info: org.openqa.selenium.firefox.FirefoxDriver
Capabilities {acceptInsecureCerts: true, browserName: firefox, browserVersion: 61.0.2, javascriptEnabled: true, moz:accessibilityChecks: false, moz:headless: false, moz:processID: 54980, moz:profile: C:\Users\Ivan\AppData\Local..., moz:useNonSpecCompliantPointerOrigin: false, moz:webdriverClick: true, pageLoadStrategy: normal, platform: XP, platformName: XP, platformVersion: 6.1, rotatable: false, timeouts: {implicit: 0, pageLoad: 300000, script: 30000}}
Session ID: c7c0434c-86b7-441f-b310-80e989085f83">
      <![CDATA[org.openqa.selenium.TimeoutException: Expected condition failed: waiting for visibility of element located by By.cssSelector: input#password (tried for 20 second(s) with 500 milliseconds interval)
Build info: version: '3.14.0', revision: 'aacccce0', time: '2018-08-02T20:19:58.91Z'
System info: host: 'BAHUR', ip: '192.168.0.102', os.name: 'Windows 7', os.arch: 'amd64', os.version: '6.1', java.version: '1.8.0_181'
Driver info: org.openqa.selenium.firefox.FirefoxDriver
Capabilities {acceptInsecureCerts: true, browserName: firefox, browserVersion: 61.0.2, javascriptEnabled: true, moz:accessibilityChecks: false, moz:headless: false, moz:processID: 54980, moz:profile: C:\Users\Ivan\AppData\Local..., moz:useNonSpecCompliantPointerOrigin: false, moz:webdriverClick: true, pageLoadStrategy: normal, platform: XP, platformName: XP, platformVersion: 6.1, rotatable: false, timeouts: {implicit: 0, pageLoad: 300000, script: 30000}}
Session ID: c7c0434c-86b7-441f-b310-80e989085f83
at org.openqa.selenium.support.ui.WebDriverWait.timeoutException(WebDriverWait.java:113)
at org.openqa.selenium.support.ui.FluentWait.until(FluentWait.java:283)
at BasePage.findElementWithWait(BasePage.java:19)
at EmagLoginPage.typeUsernameAndPassword(EmagLoginPage.java:48)
at TestEmagPurchase.userCanPlaceOrderUsingCourierDelivery(TestEmagPurchase.java:49)
... Removed 24 stack frames]]>
    </failure>
  </testcase> <!-- userCanPlaceOrderUsingCourierDelivery -->
</testsuite>
