<?xml version="1.0" encoding="UTF-8"?>
<testng-results skipped="0" failed="0" ignored="0" total="1" passed="1">
  <reporter-output>
  </reporter-output>
  <suite name="Default Suite" duration-ms="12468" started-at="2018-08-10T13:36:04Z" finished-at="2018-08-10T13:36:16Z">
    <groups>
    </groups>
    <test name="webdrivereducation" duration-ms="12468" started-at="2018-08-10T13:36:04Z" finished-at="2018-08-10T13:36:16Z">
      <class name="TestAbv">
        <test-method status="PASS" signature="openMainPage()[pri:0, instance:TestAbv@6bdf28bb]" name="openMainPage" is-config="true" duration-ms="5554" started-at="2018-08-10T13:36:04Z" finished-at="2018-08-10T13:36:09Z">
          <reporter-output>
          </reporter-output>
        </test-method> <!-- openMainPage -->
        <test-method status="PASS" signature="userLogin()[pri:0, instance:TestAbv@6bdf28bb]" name="userLogin" duration-ms="3171" started-at="2018-08-10T13:36:09Z" finished-at="2018-08-10T13:36:13Z">
          <reporter-output>
          </reporter-output>
        </test-method> <!-- userLogin -->
        <test-method status="PASS" signature="closeBrowser()[pri:0, instance:TestAbv@6bdf28bb]" name="closeBrowser" is-config="true" duration-ms="3711" started-at="2018-08-10T13:36:13Z" finished-at="2018-08-10T13:36:16Z">
          <reporter-output>
          </reporter-output>
        </test-method> <!-- closeBrowser -->
      </class> <!-- TestAbv -->
    </test> <!-- webdrivereducation -->
  </suite> <!-- Default Suite -->
</testng-results>
