<?xml version="1.0" encoding="UTF-8"?>
<testng-results skipped="0" failed="0" ignored="0" total="1" passed="1">
  <reporter-output>
  </reporter-output>
  <suite name="Default Suite" duration-ms="13191" started-at="2018-08-11T07:26:49Z" finished-at="2018-08-11T07:27:02Z">
    <groups>
    </groups>
    <test name="webdrivereducation" duration-ms="13191" started-at="2018-08-11T07:26:49Z" finished-at="2018-08-11T07:27:02Z">
      <class name="TestAbv">
        <test-method status="PASS" signature="openMainPage()[pri:0, instance:TestAbv@35bbe5e8]" name="openMainPage" is-config="true" duration-ms="8306" started-at="2018-08-11T07:26:49Z" finished-at="2018-08-11T07:26:57Z">
          <reporter-output>
          </reporter-output>
        </test-method> <!-- openMainPage -->
        <test-method status="PASS" signature="userLogin()[pri:0, instance:TestAbv@35bbe5e8]" name="userLogin" duration-ms="4872" started-at="2018-08-11T07:26:57Z" finished-at="2018-08-11T07:27:02Z">
          <reporter-output>
          </reporter-output>
        </test-method> <!-- userLogin -->
        <test-method status="PASS" signature="closeBrowser()[pri:0, instance:TestAbv@35bbe5e8]" name="closeBrowser" is-config="true" duration-ms="0" started-at="2018-08-11T07:27:02Z" finished-at="2018-08-11T07:27:02Z">
          <reporter-output>
          </reporter-output>
        </test-method> <!-- closeBrowser -->
      </class> <!-- TestAbv -->
    </test> <!-- webdrivereducation -->
  </suite> <!-- Default Suite -->
</testng-results>
